# JRE version: Java(TM) SE Runtime Environment (7.0_79-b15) (build 1.7.0_79-b15)
# Java VM: Java HotSpot(TM) 64-Bit Server VM (24.79-b02 mixed mode windows-amd64 compressed oops)
Heap
 PSYoungGen      total 557056K, used 326565K [0x00000007d6280000, 0x00000007ffb80000, 0x0000000800000000)
  eden space 434176K, 54% used [0x00000007d6280000,0x00000007e48cb128,0x00000007f0a80000)
  from space 122880K, 73% used [0x00000007f8380000,0x00000007fdc1e530,0x00000007ffb80000)
  to   space 123392K, 0% used [0x00000007f0a80000,0x00000007f0a80000,0x00000007f8300000)
 ParOldGen       total 157696K, used 128772K [0x0000000782800000, 0x000000078c200000, 0x00000007d6280000)
  object space 157696K, 81% used [0x0000000782800000,0x000000078a5c1120,0x000000078c200000)
 PSPermGen       total 21504K, used 6892K [0x000000077d600000, 0x000000077eb00000, 0x0000000782800000)
  object space 21504K, 32% used [0x000000077d600000,0x000000077dcbb330,0x000000077eb00000)
GC Heap History (10 events):
Event: 29.106 GC heap before
{Heap before GC invocations=45 (full 1):
 PSYoungGen      total 528384K, used 463452K [0x00000007d6280000, 0x00000007ff800000, 0x0000000800000000)
  eden space 380928K, 100% used [0x00000007d6280000,0x00000007ed680000,0x00000007ed680000)
  from space 147456K, 55% used [0x00000007ed680000,0x00000007f27170b0,0x00000007f6680000)
  to   space 141312K, 0% used [0x00000007f6e00000,0x00000007f6e00000,0x00000007ff800000)
 ParOldGen       total 157696K, used 128686K [0x0000000782800000, 0x000000078c200000, 0x00000007d6280000)
  object space 157696K, 81% used [0x0000000782800000,0x000000078a5ab890,0x000000078c200000)
 PSPermGen       total 21504K, used 6867K [0x000000077d600000, 0x000000077eb00000, 0x0000000782800000)
  object space 21504K, 31% used [0x000000077d600000,0x000000077dcb4df8,0x000000077eb00000)
Event: 29.141 GC heap after
Heap after GC invocations=45 (full 1):
 PSYoungGen      total 529920K, used 75591K [0x00000007d6280000, 0x00000007ff000000, 0x0000000800000000)
  eden space 396800K, 0% used [0x00000007d6280000,0x00000007d6280000,0x00000007ee600000)
  from space 133120K, 56% used [0x00000007f6e00000,0x00000007fb7d1dc0,0x00000007ff000000)
  to   space 136192K, 0% used [0x00000007ee600000,0x00000007ee600000,0x00000007f6b00000)
 ParOldGen       total 157696K, used 128764K [0x0000000782800000, 0x000000078c200000, 0x00000007d6280000)
  object space 157696K, 81% used [0x0000000782800000,0x000000078a5bf120,0x000000078c200000)
 PSPermGen       total 21504K, used 6867K [0x000000077d600000, 0x000000077eb00000, 0x0000000782800000)
  object space 21504K, 31% used [0x000000077d600000,0x000000077dcb4df8,0x000000077eb00000)
}
Event: 29.582 GC heap before
{Heap before GC invocations=46 (full 1):
 PSYoungGen      total 529920K, used 472391K [0x00000007d6280000, 0x00000007ff000000, 0x0000000800000000)
  eden space 396800K, 100% used [0x00000007d6280000,0x00000007ee600000,0x00000007ee600000)
  from space 133120K, 56% used [0x00000007f6e00000,0x00000007fb7d1dc0,0x00000007ff000000)
  to   space 136192K, 0% used [0x00000007ee600000,0x00000007ee600000,0x00000007f6b00000)
 ParOldGen       total 157696K, used 128764K [0x0000000782800000, 0x000000078c200000, 0x00000007d6280000)
  object space 157696K, 81% used [0x0000000782800000,0x000000078a5bf120,0x000000078c200000)
 PSPermGen       total 21504K, used 6867K [0x000000077d600000, 0x000000077eb00000, 0x0000000782800000)
  object space 21504K, 31% used [0x000000077d600000,0x000000077dcb4df8,0x000000077eb00000)
Event: 29.619 GC heap after
Heap after GC invocations=46 (full 1):
 PSYoungGen      total 532992K, used 79033K [0x00000007d6280000, 0x00000007ff900000, 0x0000000800000000)
  eden space 396800K, 0% used [0x00000007d6280000,0x00000007d6280000,0x00000007ee600000)
  from space 136192K, 58% used [0x00000007ee600000,0x00000007f332e530,0x00000007f6b00000)
  to   space 131072K, 0% used [0x00000007f7900000,0x00000007f7900000,0x00000007ff900000)
 ParOldGen       total 157696K, used 128772K [0x0000000782800000, 0x000000078c200000, 0x00000007d6280000)
  object space 157696K, 81% used [0x0000000782800000,0x000000078a5c1120,0x000000078c200000)
 PSPermGen       total 21504K, used 6867K [0x000000077d600000, 0x000000077eb00000, 0x0000000782800000)
  object space 21504K, 31% used [0x000000077d600000,0x000000077dcb4df8,0x000000077eb00000)
}
Event: 30.047 GC heap before
{Heap before GC invocations=47 (full 1):
 PSYoungGen      total 532992K, used 475833K [0x00000007d6280000, 0x00000007ff900000, 0x0000000800000000)
  eden space 396800K, 100% used [0x00000007d6280000,0x00000007ee600000,0x00000007ee600000)
  from space 136192K, 58% used [0x00000007ee600000,0x00000007f332e530,0x00000007f6b00000)
  to   space 131072K, 0% used [0x00000007f7900000,0x00000007f7900000,0x00000007ff900000)
 ParOldGen       total 157696K, used 128772K [0x0000000782800000, 0x000000078c200000, 0x00000007d6280000)
  object space 157696K, 81% used [0x0000000782800000,0x000000078a5c1120,0x000000078c200000)
 PSPermGen       total 21504K, used 6867K [0x000000077d600000, 0x000000077eb00000, 0x0000000782800000)
  object space 21504K, 31% used [0x000000077d600000,0x000000077dcb4df8,0x000000077eb00000)
Event: 30.086 GC heap after
Heap after GC invocations=47 (full 1):
 PSYoungGen      total 543232K, used 82809K [0x00000007d6280000, 0x00000007ff300000, 0x0000000800000000)
  eden space 418304K, 0% used [0x00000007d6280000,0x00000007d6280000,0x00000007efb00000)
  from space 124928K, 66% used [0x00000007f7900000,0x00000007fc9de530,0x00000007ff300000)
  to   space 126976K, 0% used [0x00000007efb00000,0x00000007efb00000,0x00000007f7700000)
 ParOldGen       total 157696K, used 128772K [0x0000000782800000, 0x000000078c200000, 0x00000007d6280000)
  object space 157696K, 81% used [0x0000000782800000,0x000000078a5c1120,0x000000078c200000)
 PSPermGen       total 21504K, used 6867K [0x000000077d600000, 0x000000077eb00000, 0x0000000782800000)
  object space 21504K, 31% used [0x000000077d600000,0x000000077dcb4df8,0x000000077eb00000)
}
Event: 30.549 GC heap before
{Heap before GC invocations=48 (full 1):
 PSYoungGen      total 543232K, used 501113K [0x00000007d6280000, 0x00000007ff300000, 0x0000000800000000)
  eden space 418304K, 100% used [0x00000007d6280000,0x00000007efb00000,0x00000007efb00000)
  from space 124928K, 66% used [0x00000007f7900000,0x00000007fc9de530,0x00000007ff300000)
  to   space 126976K, 0% used [0x00000007efb00000,0x00000007efb00000,0x00000007f7700000)
 ParOldGen       total 157696K, used 128772K [0x0000000782800000, 0x000000078c200000, 0x00000007d6280000)
  object space 157696K, 81% used [0x0000000782800000,0x000000078a5c1120,0x000000078c200000)
 PSPermGen       total 21504K, used 6867K [0x000000077d600000, 0x000000077eb00000, 0x0000000782800000)
  object space 21504K, 31% used [0x000000077d600000,0x000000077dcb4df8,0x000000077eb00000)
Event: 30.594 GC heap after
Heap after GC invocations=48 (full 1):
 PSYoungGen      total 545280K, used 86795K [0x00000007d6280000, 0x00000007ffd00000, 0x0000000800000000)
  eden space 418304K, 0% used [0x00000007d6280000,0x00000007d6280000,0x00000007efb00000)
  from space 126976K, 68% used [0x00000007efb00000,0x00000007f4fc2fe0,0x00000007f7700000)
  to   space 124416K, 0% used [0x00000007f8380000,0x00000007f8380000,0x00000007ffd00000)
 ParOldGen       total 157696K, used 128772K [0x0000000782800000, 0x000000078c200000, 0x00000007d6280000)
  object space 157696K, 81% used [0x0000000782800000,0x000000078a5c1120,0x000000078c200000)
 PSPermGen       total 21504K, used 6867K [0x000000077d600000, 0x000000077eb00000, 0x0000000782800000)
  object space 21504K, 31% used [0x000000077d600000,0x000000077dcb4df8,0x000000077eb00000)
}
Event: 31.065 GC heap before
{Heap before GC invocations=49 (full 1):
 PSYoungGen      total 545280K, used 505099K [0x00000007d6280000, 0x00000007ffd00000, 0x0000000800000000)
  eden space 418304K, 100% used [0x00000007d6280000,0x00000007efb00000,0x00000007efb00000)
  from space 126976K, 68% used [0x00000007efb00000,0x00000007f4fc2fe0,0x00000007f7700000)
  to   space 124416K, 0% used [0x00000007f8380000,0x00000007f8380000,0x00000007ffd00000)
 ParOldGen       total 157696K, used 128772K [0x0000000782800000, 0x000000078c200000, 0x00000007d6280000)
  object space 157696K, 81% used [0x0000000782800000,0x000000078a5c1120,0x000000078c200000)
 PSPermGen       total 21504K, used 6867K [0x000000077d600000, 0x000000077eb00000, 0x0000000782800000)
  object space 21504K, 31% used [0x000000077d600000,0x000000077dcb4df8,0x000000077eb00000)
Event: 31.113 GC heap after
Heap after GC invocations=49 (full 1):
 PSYoungGen      total 557056K, used 90745K [0x00000007d6280000, 0x00000007ffb80000, 0x0000000800000000)
  eden space 434176K, 0% used [0x00000007d6280000,0x00000007d6280000,0x00000007f0a80000)
  from space 122880K, 73% used [0x00000007f8380000,0x00000007fdc1e530,0x00000007ffb80000)
  to   space 123392K, 0% used [0x00000007f0a80000,0x00000007f0a80000,0x00000007f8300000)
 ParOldGen       total 157696K, used 128772K [0x0000000782800000, 0x000000078c200000, 0x00000007d6280000)
  object space 157696K, 81% used [0x0000000782800000,0x000000078a5c1120,0x000000078c200000)
 PSPermGen       total 21504K, used 6867K [0x000000077d600000, 0x000000077eb00000, 0x0000000782800000)
  object space 21504K, 31% used [0x000000077d600000,0x000000077dcb4df8,0x000000077eb00000)
}

