# JRE version: Java(TM) SE Runtime Environment (7.0_79-b15) (build 1.7.0_79-b15)
# Java VM: Java HotSpot(TM) 64-Bit Server VM (24.79-b02 mixed mode windows-amd64 compressed oops)
Heap
 PSYoungGen      total 539648K, used 159728K [0x00000007d6280000, 0x0000000800000000, 0x0000000800000000)
  eden space 400896K, 14% used [0x00000007d6280000,0x00000007d9961dc8,0x00000007eea00000)
  from space 138752K, 74% used [0x00000007f7880000,0x00000007fdd9a370,0x0000000800000000)
  to   space 142336K, 0% used [0x00000007eea00000,0x00000007eea00000,0x00000007f7500000)
 ParOldGen       total 208896K, used 130255K [0x0000000782800000, 0x000000078f400000, 0x00000007d6280000)
  object space 208896K, 62% used [0x0000000782800000,0x000000078a733f28,0x000000078f400000)
 PSPermGen       total 21504K, used 6890K [0x000000077d600000, 0x000000077eb00000, 0x0000000782800000)
  object space 21504K, 32% used [0x000000077d600000,0x000000077dcbab08,0x000000077eb00000)
GC Heap History (10 events):
Event: 28.577 GC heap before
{Heap before GC invocations=46 (full 2):
 PSYoungGen      total 579072K, used 578948K [0x00000007d6280000, 0x0000000800000000, 0x0000000800000000)
  eden space 475648K, 100% used [0x00000007d6280000,0x00000007f3300000,0x00000007f3300000)
  from space 103424K, 99% used [0x00000007f3300000,0x00000007f97e1160,0x00000007f9800000)
  to   space 106496K, 0% used [0x00000007f9800000,0x00000007f9800000,0x0000000800000000)
 ParOldGen       total 208896K, used 119843K [0x0000000782800000, 0x000000078f400000, 0x00000007d6280000)
  object space 208896K, 57% used [0x0000000782800000,0x0000000789d08f70,0x000000078f400000)
 PSPermGen       total 21504K, used 6865K [0x000000077d600000, 0x000000077eb00000, 0x0000000782800000)
  object space 21504K, 31% used [0x000000077d600000,0x000000077dcb4678,0x000000077eb00000)
Event: 28.622 GC heap after
Heap after GC invocations=46 (full 2):
 PSYoungGen      total 544256K, used 97698K [0x00000007d6280000, 0x0000000800000000, 0x0000000800000000)
  eden space 437760K, 0% used [0x00000007d6280000,0x00000007d6280000,0x00000007f0e00000)
  from space 106496K, 91% used [0x00000007f9800000,0x00000007ff768920,0x0000000800000000)
  to   space 123904K, 0% used [0x00000007f0e00000,0x00000007f0e00000,0x00000007f8700000)
 ParOldGen       total 208896K, used 119843K [0x0000000782800000, 0x000000078f400000, 0x00000007d6280000)
  object space 208896K, 57% used [0x0000000782800000,0x0000000789d08f70,0x000000078f400000)
 PSPermGen       total 21504K, used 6865K [0x000000077d600000, 0x000000077eb00000, 0x0000000782800000)
  object space 21504K, 31% used [0x000000077d600000,0x000000077dcb4678,0x000000077eb00000)
}
Event: 29.091 GC heap before
{Heap before GC invocations=47 (full 2):
 PSYoungGen      total 544256K, used 535458K [0x00000007d6280000, 0x0000000800000000, 0x0000000800000000)
  eden space 437760K, 100% used [0x00000007d6280000,0x00000007f0e00000,0x00000007f0e00000)
  from space 106496K, 91% used [0x00000007f9800000,0x00000007ff768920,0x0000000800000000)
  to   space 123904K, 0% used [0x00000007f0e00000,0x00000007f0e00000,0x00000007f8700000)
 ParOldGen       total 208896K, used 119843K [0x0000000782800000, 0x000000078f400000, 0x00000007d6280000)
  object space 208896K, 57% used [0x0000000782800000,0x0000000789d08f70,0x000000078f400000)
 PSPermGen       total 21504K, used 6865K [0x000000077d600000, 0x000000077eb00000, 0x0000000782800000)
  object space 21504K, 31% used [0x000000077d600000,0x000000077dcb4678,0x000000077eb00000)
Event: 29.139 GC heap after
Heap after GC invocations=47 (full 2):
 PSYoungGen      total 539648K, used 101666K [0x00000007d6280000, 0x0000000800000000, 0x0000000800000000)
  eden space 437760K, 0% used [0x00000007d6280000,0x00000007d6280000,0x00000007f0e00000)
  from space 101888K, 99% used [0x00000007f0e00000,0x00000007f7148920,0x00000007f7180000)
  to   space 130560K, 0% used [0x00000007f8080000,0x00000007f8080000,0x0000000800000000)
 ParOldGen       total 208896K, used 119843K [0x0000000782800000, 0x000000078f400000, 0x00000007d6280000)
  object space 208896K, 57% used [0x0000000782800000,0x0000000789d08f70,0x000000078f400000)
 PSPermGen       total 21504K, used 6865K [0x000000077d600000, 0x000000077eb00000, 0x0000000782800000)
  object space 21504K, 31% used [0x000000077d600000,0x000000077dcb4678,0x000000077eb00000)
}
Event: 29.603 GC heap before
{Heap before GC invocations=48 (full 2):
 PSYoungGen      total 539648K, used 539426K [0x00000007d6280000, 0x0000000800000000, 0x0000000800000000)
  eden space 437760K, 100% used [0x00000007d6280000,0x00000007f0e00000,0x00000007f0e00000)
  from space 101888K, 99% used [0x00000007f0e00000,0x00000007f7148920,0x00000007f7180000)
  to   space 130560K, 0% used [0x00000007f8080000,0x00000007f8080000,0x0000000800000000)
 ParOldGen       total 208896K, used 119843K [0x0000000782800000, 0x000000078f400000, 0x00000007d6280000)
  object space 208896K, 57% used [0x0000000782800000,0x0000000789d08f70,0x000000078f400000)
 PSPermGen       total 21504K, used 6865K [0x000000077d600000, 0x000000077eb00000, 0x0000000782800000)
  object space 21504K, 31% used [0x000000077d600000,0x000000077dcb4678,0x000000077eb00000)
Event: 29.655 GC heap after
Heap after GC invocations=48 (full 2):
 PSYoungGen      total 546816K, used 97686K [0x00000007d6280000, 0x0000000800000000, 0x0000000800000000)
  eden space 416256K, 0% used [0x00000007d6280000,0x00000007d6280000,0x00000007ef900000)
  from space 130560K, 74% used [0x00000007f8080000,0x00000007fdfe58c0,0x0000000800000000)
  to   space 134656K, 0% used [0x00000007ef900000,0x00000007ef900000,0x00000007f7c80000)
 ParOldGen       total 208896K, used 127983K [0x0000000782800000, 0x000000078f400000, 0x00000007d6280000)
  object space 208896K, 61% used [0x0000000782800000,0x000000078a4fbf28,0x000000078f400000)
 PSPermGen       total 21504K, used 6865K [0x000000077d600000, 0x000000077eb00000, 0x0000000782800000)
  object space 21504K, 31% used [0x000000077d600000,0x000000077dcb4678,0x000000077eb00000)
}
Event: 30.098 GC heap before
{Heap before GC invocations=49 (full 2):
 PSYoungGen      total 546816K, used 513942K [0x00000007d6280000, 0x0000000800000000, 0x0000000800000000)
  eden space 416256K, 100% used [0x00000007d6280000,0x00000007ef900000,0x00000007ef900000)
  from space 130560K, 74% used [0x00000007f8080000,0x00000007fdfe58c0,0x0000000800000000)
  to   space 134656K, 0% used [0x00000007ef900000,0x00000007ef900000,0x00000007f7c80000)
 ParOldGen       total 208896K, used 127983K [0x0000000782800000, 0x000000078f400000, 0x00000007d6280000)
  object space 208896K, 61% used [0x0000000782800000,0x000000078a4fbf28,0x000000078f400000)
 PSPermGen       total 21504K, used 6865K [0x000000077d600000, 0x000000077eb00000, 0x0000000782800000)
  object space 21504K, 31% used [0x000000077d600000,0x000000077dcb4678,0x000000077eb00000)
Event: 30.149 GC heap after
Heap after GC invocations=49 (full 2):
 PSYoungGen      total 517632K, used 101014K [0x00000007d6280000, 0x0000000800000000, 0x0000000800000000)
  eden space 416256K, 0% used [0x00000007d6280000,0x00000007d6280000,0x00000007ef900000)
  from space 101376K, 99% used [0x00000007ef900000,0x00000007f5ba58c0,0x00000007f5c00000)
  to   space 138752K, 0% used [0x00000007f7880000,0x00000007f7880000,0x0000000800000000)
 ParOldGen       total 208896K, used 128679K [0x0000000782800000, 0x000000078f400000, 0x00000007d6280000)
  object space 208896K, 61% used [0x0000000782800000,0x000000078a5a9f28,0x000000078f400000)
 PSPermGen       total 21504K, used 6865K [0x000000077d600000, 0x000000077eb00000, 0x0000000782800000)
  object space 21504K, 31% used [0x000000077d600000,0x000000077dcb4678,0x000000077eb00000)
}
Event: 30.610 GC heap before
{Heap before GC invocations=50 (full 2):
 PSYoungGen      total 517632K, used 517270K [0x00000007d6280000, 0x0000000800000000, 0x0000000800000000)
  eden space 416256K, 100% used [0x00000007d6280000,0x00000007ef900000,0x00000007ef900000)
  from space 101376K, 99% used [0x00000007ef900000,0x00000007f5ba58c0,0x00000007f5c00000)
  to   space 138752K, 0% used [0x00000007f7880000,0x00000007f7880000,0x0000000800000000)
 ParOldGen       total 208896K, used 128679K [0x0000000782800000, 0x000000078f400000, 0x00000007d6280000)
  object space 208896K, 61% used [0x0000000782800000,0x000000078a5a9f28,0x000000078f400000)
 PSPermGen       total 21504K, used 6865K [0x000000077d600000, 0x000000077eb00000, 0x0000000782800000)
  object space 21504K, 31% used [0x000000077d600000,0x000000077dcb4678,0x000000077eb00000)
Event: 30.665 GC heap after
Heap after GC invocations=50 (full 2):
 PSYoungGen      total 539648K, used 103528K [0x00000007d6280000, 0x0000000800000000, 0x0000000800000000)
  eden space 400896K, 0% used [0x00000007d6280000,0x00000007d6280000,0x00000007eea00000)
  from space 138752K, 74% used [0x00000007f7880000,0x00000007fdd9a370,0x0000000800000000)
  to   space 142336K, 0% used [0x00000007eea00000,0x00000007eea00000,0x00000007f7500000)
 ParOldGen       total 208896K, used 130255K [0x0000000782800000, 0x000000078f400000, 0x00000007d6280000)
  object space 208896K, 62% used [0x0000000782800000,0x000000078a733f28,0x000000078f400000)
 PSPermGen       total 21504K, used 6865K [0x000000077d600000, 0x000000077eb00000, 0x0000000782800000)
  object space 21504K, 31% used [0x000000077d600000,0x000000077dcb4678,0x000000077eb00000)
}

